  [1m[36m (1.2ms)[0m  [1mCREATE TABLE "schema_migrations" ("version" varchar NOT NULL) [0m
  [1m[35m (0.4ms)[0m  select sqlite_version(*)
  [1m[36m (0.8ms)[0m  [1mCREATE UNIQUE INDEX "unique_schema_migrations" ON "schema_migrations" ("version")[0m
  [1m[35mActiveRecord::SchemaMigration Load (0.1ms)[0m  SELECT "schema_migrations".* FROM "schema_migrations"
Migrating to CreateUsers (20150324173215)
  [1m[36m (0.1ms)[0m  [1mbegin transaction[0m
  [1m[35m (0.4ms)[0m  CREATE TABLE "users" ("id" INTEGER PRIMARY KEY AUTOINCREMENT NOT NULL, "email" varchar, "referral_code" varchar, "referrer_id" integer, "created_at" datetime NOT NULL, "updated_at" datetime NOT NULL) 
  [1m[36m (0.1ms)[0m  [1mCREATE  INDEX "index_users_on_referrer_id" ON "users" ("referrer_id")[0m
  [1m[35mSQL (0.5ms)[0m  INSERT INTO "schema_migrations" ("version") VALUES (?)  [["version", "20150324173215"]]
  [1m[36m (0.6ms)[0m  [1mcommit transaction[0m
Migrating to AddUsernameToUsers (20150328140331)
  [1m[35m (0.1ms)[0m  begin transaction
  [1m[36m (1.1ms)[0m  [1mALTER TABLE "users" ADD "username" varchar[0m
  [1m[35mSQL (0.1ms)[0m  INSERT INTO "schema_migrations" ("version") VALUES (?)  [["version", "20150328140331"]]
  [1m[36m (0.6ms)[0m  [1mcommit transaction[0m
  [1m[35mActiveRecord::SchemaMigration Load (0.1ms)[0m  SELECT "schema_migrations".* FROM "schema_migrations"
  [1m[36m (0.9ms)[0m  [1m            SELECT sql
            FROM sqlite_master
            WHERE name='index_users_on_referrer_id' AND type='index'
            UNION ALL
            SELECT sql
            FROM sqlite_temp_master
            WHERE name='index_users_on_referrer_id' AND type='index'
[0m


Started GET "/" for 127.0.0.1 at 2015-03-28 10:53:43 -0400
  [1m[36mActiveRecord::SchemaMigration Load (0.4ms)[0m  [1mSELECT "schema_migrations".* FROM "schema_migrations"[0m
Processing by UsersController#new as HTML
  Rendered users/new.html.erb within layouts/application (53.4ms)
Completed 200 OK in 1566ms (Views: 1507.2ms | ActiveRecord: 0.3ms)


Started GET "/assets/users-64e62ddc273c2f5847f30d698ca14b67.css?body=1" for 127.0.0.1 at 2015-03-28 10:53:44 -0400


Started GET "/assets/jquery-87424c3c19e96d4fb033c10ebe21ec40.js?body=1" for 127.0.0.1 at 2015-03-28 10:53:44 -0400


Started GET "/assets/application-5266d2988799ecc8fe6e81eaab412e7d.css?body=1" for 127.0.0.1 at 2015-03-28 10:53:44 -0400


Started GET "/assets/jquery_ujs-e27bd20a10d28155845a22d71ef94f2f.js?body=1" for 127.0.0.1 at 2015-03-28 10:53:44 -0400


Started GET "/assets/turbolinks-f87b3583ca50adb0488b031297f5580d.js?body=1" for 127.0.0.1 at 2015-03-28 10:53:44 -0400


Started GET "/assets/users-fcec5b5a277ac7c20cc9f45a209a3bcd.js?body=1" for 127.0.0.1 at 2015-03-28 10:53:44 -0400


Started GET "/assets/application-001948a807d6467a657420955d9f0c1c.js?body=1" for 127.0.0.1 at 2015-03-28 10:53:44 -0400


Started GET "/assets/jquery_ujs-e27bd20a10d28155845a22d71ef94f2f.js?body=1" for 127.0.0.1 at 2015-03-28 10:53:44 -0400


Started GET "/assets/turbolinks-f87b3583ca50adb0488b031297f5580d.js?body=1" for 127.0.0.1 at 2015-03-28 10:53:44 -0400


Started GET "/assets/users-fcec5b5a277ac7c20cc9f45a209a3bcd.js?body=1" for 127.0.0.1 at 2015-03-28 10:53:44 -0400


Started GET "/assets/application-001948a807d6467a657420955d9f0c1c.js?body=1" for 127.0.0.1 at 2015-03-28 10:53:44 -0400


Started POST "/users/create" for 127.0.0.1 at 2015-03-28 10:55:48 -0400
Processing by UsersController#create as HTML
  Parameters: {"utf8"=>"✓", "authenticity_token"=>"DzrW8O0D2nFySvdq3yvGsCYeEHwMZujSz2tKCK8ElCIFD2+GAwuJCtaJtRH4LVmMY/DIakfAddhEnN8SUcwssw==", "user"=>{"username"=>"The tester", "email"=>"test@testme.com"}, "commit"=>"Spread the word!"}
  [1m[35mUser Load (0.6ms)[0m  SELECT  "users".* FROM "users" WHERE "users"."email" = ? LIMIT 1  [["email", "email"]]
  [1m[36mUser Load (0.1ms)[0m  [1mSELECT  "users".* FROM "users" WHERE "users"."referral_code" IS NULL LIMIT 1[0m
  [1m[35m (0.1ms)[0m  begin transaction
  [1m[36mUser Exists (0.2ms)[0m  [1mSELECT  1 AS one FROM "users" WHERE "users"."email" = 'test@testme.com' LIMIT 1[0m
  [1m[35mUser Exists (0.1ms)[0m  SELECT  1 AS one FROM "users" WHERE "users"."username" = 'The tester' LIMIT 1
  [1m[36mUser Exists (0.1ms)[0m  [1mSELECT  1 AS one FROM "users" WHERE "users"."referral_code" IS NULL LIMIT 1[0m
  [1m[35mUser Load (0.1ms)[0m  SELECT  "users".* FROM "users" WHERE "users"."referral_code" = ? LIMIT 1  [["referral_code", "e2da635528"]]
  [1m[36mSQL (0.8ms)[0m  [1mINSERT INTO "users" ("email", "username", "created_at", "updated_at", "referral_code") VALUES (?, ?, ?, ?, ?)[0m  [["email", "test@testme.com"], ["username", "The tester"], ["created_at", "2015-03-28 14:55:48.770422"], ["updated_at", "2015-03-28 14:55:48.770422"], ["referral_code", "e2da635528"]]
  [1m[35m (0.9ms)[0m  commit transaction
Redirected to http://localhost:3000/refer-a-friend
Completed 302 Found in 60ms (ActiveRecord: 2.8ms)


Started GET "/refer-a-friend" for 127.0.0.1 at 2015-03-28 10:55:48 -0400
Processing by UsersController#refer as HTML
  [1m[36mUser Load (0.1ms)[0m  [1mSELECT  "users".* FROM "users" WHERE "users"."email" = ? LIMIT 1[0m  [["email", "test@testme.com"]]
  [1m[35m (0.2ms)[0m  SELECT COUNT(*) FROM "users" WHERE "users"."referrer_id" = ?  [["referrer_id", 1]]
  [1m[36mCACHE (0.0ms)[0m  [1mSELECT COUNT(*) FROM "users" WHERE "users"."referrer_id" = ?[0m  [["referrer_id", 1]]
  Rendered users/refer.html.erb within layouts/application (72.7ms)
Completed 200 OK in 126ms (Views: 125.0ms | ActiveRecord: 0.3ms)


Started GET "/assets/application-5266d2988799ecc8fe6e81eaab412e7d.css?body=1" for 127.0.0.1 at 2015-03-28 10:55:48 -0400


Started GET "/assets/turbolinks-f87b3583ca50adb0488b031297f5580d.js?body=1" for 127.0.0.1 at 2015-03-28 10:55:48 -0400


Started GET "/assets/jquery_ujs-e27bd20a10d28155845a22d71ef94f2f.js?body=1" for 127.0.0.1 at 2015-03-28 10:55:48 -0400


Started GET "/assets/jquery-87424c3c19e96d4fb033c10ebe21ec40.js?body=1" for 127.0.0.1 at 2015-03-28 10:55:48 -0400


Started GET "/assets/users-64e62ddc273c2f5847f30d698ca14b67.css?body=1" for 127.0.0.1 at 2015-03-28 10:55:48 -0400


Started GET "/assets/application-001948a807d6467a657420955d9f0c1c.js?body=1" for 127.0.0.1 at 2015-03-28 10:55:48 -0400


Started GET "/assets/users-fcec5b5a277ac7c20cc9f45a209a3bcd.js?body=1" for 127.0.0.1 at 2015-03-28 10:55:48 -0400


Started GET "/leaders" for 127.0.0.1 at 2015-03-28 10:55:52 -0400
Processing by UsersController#leaders as HTML
  [1m[35mUser Load (0.4ms)[0m  SELECT "users".* FROM "users"
  [1m[36m (0.1ms)[0m  [1mSELECT COUNT(*) FROM "users" WHERE "users"."referrer_id" = ?[0m  [["referrer_id", 1]]
  [1m[35mCACHE (0.0ms)[0m  SELECT COUNT(*) FROM "users" WHERE "users"."referrer_id" = ?  [["referrer_id", 1]]
  Rendered users/leaders.html.erb within layouts/application (4.2ms)
Completed 200 OK in 65ms (Views: 64.1ms | ActiveRecord: 0.5ms)


Started GET "/assets/users-64e62ddc273c2f5847f30d698ca14b67.css?body=1" for 127.0.0.1 at 2015-03-28 10:55:52 -0400


Started GET "/assets/jquery-87424c3c19e96d4fb033c10ebe21ec40.js?body=1" for 127.0.0.1 at 2015-03-28 10:55:52 -0400


Started GET "/assets/application-5266d2988799ecc8fe6e81eaab412e7d.css?body=1" for 127.0.0.1 at 2015-03-28 10:55:52 -0400


Started GET "/assets/jquery_ujs-e27bd20a10d28155845a22d71ef94f2f.js?body=1" for 127.0.0.1 at 2015-03-28 10:55:52 -0400


Started GET "/assets/turbolinks-f87b3583ca50adb0488b031297f5580d.js?body=1" for 127.0.0.1 at 2015-03-28 10:55:52 -0400


Started GET "/assets/application-001948a807d6467a657420955d9f0c1c.js?body=1" for 127.0.0.1 at 2015-03-28 10:55:52 -0400


Started GET "/assets/users-fcec5b5a277ac7c20cc9f45a209a3bcd.js?body=1" for 127.0.0.1 at 2015-03-28 10:55:52 -0400


Started GET "/refer-a-friend" for 127.0.0.1 at 2015-03-28 10:55:58 -0400
Processing by UsersController#refer as HTML
  [1m[36mUser Load (0.1ms)[0m  [1mSELECT  "users".* FROM "users" WHERE "users"."email" = ? LIMIT 1[0m  [["email", "test@testme.com"]]
  [1m[35m (0.1ms)[0m  SELECT COUNT(*) FROM "users" WHERE "users"."referrer_id" = ?  [["referrer_id", 1]]
  [1m[36mCACHE (0.0ms)[0m  [1mSELECT COUNT(*) FROM "users" WHERE "users"."referrer_id" = ?[0m  [["referrer_id", 1]]
  Rendered users/refer.html.erb within layouts/application (1.6ms)
Completed 200 OK in 58ms (Views: 56.8ms | ActiveRecord: 0.2ms)


Started GET "/assets/users-64e62ddc273c2f5847f30d698ca14b67.css?body=1" for 127.0.0.1 at 2015-03-28 10:55:58 -0400


Started GET "/assets/application-5266d2988799ecc8fe6e81eaab412e7d.css?body=1" for 127.0.0.1 at 2015-03-28 10:55:58 -0400


Started GET "/assets/jquery_ujs-e27bd20a10d28155845a22d71ef94f2f.js?body=1" for 127.0.0.1 at 2015-03-28 10:55:58 -0400


Started GET "/assets/jquery-87424c3c19e96d4fb033c10ebe21ec40.js?body=1" for 127.0.0.1 at 2015-03-28 10:55:58 -0400


Started GET "/assets/turbolinks-f87b3583ca50adb0488b031297f5580d.js?body=1" for 127.0.0.1 at 2015-03-28 10:55:58 -0400


Started GET "/assets/application-001948a807d6467a657420955d9f0c1c.js?body=1" for 127.0.0.1 at 2015-03-28 10:55:58 -0400


Started GET "/assets/users-fcec5b5a277ac7c20cc9f45a209a3bcd.js?body=1" for 127.0.0.1 at 2015-03-28 10:55:58 -0400


Started GET "/" for 127.0.0.1 at 2015-03-28 11:35:59 -0400
  [1m[36mActiveRecord::SchemaMigration Load (0.7ms)[0m  [1mSELECT "schema_migrations".* FROM "schema_migrations"[0m
Processing by UsersController#new as HTML
  [1m[35mUser Load (0.6ms)[0m  SELECT  "users".* FROM "users" WHERE "users"."email" = ? LIMIT 1  [["email", "test@testme.com"]]
Redirected to http://localhost:3000/refer-a-friend
Filter chain halted as :skip_to_refer rendered or redirected
Completed 302 Found in 60ms (ActiveRecord: 0.9ms)


Started GET "/refer-a-friend" for 127.0.0.1 at 2015-03-28 11:35:59 -0400
Processing by UsersController#refer as HTML
  [1m[36mUser Load (0.1ms)[0m  [1mSELECT  "users".* FROM "users" WHERE "users"."email" = ? LIMIT 1[0m  [["email", "test@testme.com"]]
  [1m[35m (0.7ms)[0m  SELECT COUNT(*) FROM "users" WHERE "users"."referrer_id" = ?  [["referrer_id", 1]]
  [1m[36mCACHE (0.0ms)[0m  [1mSELECT COUNT(*) FROM "users" WHERE "users"."referrer_id" = ?[0m  [["referrer_id", 1]]
  Rendered users/refer.html.erb within layouts/application (17.0ms)
Completed 200 OK in 147ms (Views: 145.4ms | ActiveRecord: 0.8ms)


Started GET "/assets/jquery-87424c3c19e96d4fb033c10ebe21ec40.js?body=1" for 127.0.0.1 at 2015-03-28 11:35:59 -0400


Started GET "/assets/users-64e62ddc273c2f5847f30d698ca14b67.css?body=1" for 127.0.0.1 at 2015-03-28 11:35:59 -0400


Started GET "/assets/application-5266d2988799ecc8fe6e81eaab412e7d.css?body=1" for 127.0.0.1 at 2015-03-28 11:35:59 -0400


Started GET "/assets/jquery_ujs-e27bd20a10d28155845a22d71ef94f2f.js?body=1" for 127.0.0.1 at 2015-03-28 11:35:59 -0400


Started GET "/assets/turbolinks-f87b3583ca50adb0488b031297f5580d.js?body=1" for 127.0.0.1 at 2015-03-28 11:35:59 -0400


Started GET "/assets/application-001948a807d6467a657420955d9f0c1c.js?body=1" for 127.0.0.1 at 2015-03-28 11:35:59 -0400


Started GET "/assets/users-fcec5b5a277ac7c20cc9f45a209a3bcd.js?body=1" for 127.0.0.1 at 2015-03-28 11:35:59 -0400


Started GET "/assets/jquery_ujs-e27bd20a10d28155845a22d71ef94f2f.js?body=1" for 127.0.0.1 at 2015-03-28 11:35:59 -0400


Started GET "/assets/turbolinks-f87b3583ca50adb0488b031297f5580d.js?body=1" for 127.0.0.1 at 2015-03-28 11:35:59 -0400


Started GET "/assets/users-fcec5b5a277ac7c20cc9f45a209a3bcd.js?body=1" for 127.0.0.1 at 2015-03-28 11:35:59 -0400


Started GET "/assets/application-001948a807d6467a657420955d9f0c1c.js?body=1" for 127.0.0.1 at 2015-03-28 11:35:59 -0400


Started GET "/" for 127.0.0.1 at 2015-03-28 11:36:14 -0400
Processing by UsersController#new as HTML
  Rendered users/new.html.erb within layouts/application (19.0ms)
Completed 200 OK in 77ms (Views: 76.8ms | ActiveRecord: 0.0ms)


Started GET "/assets/users-64e62ddc273c2f5847f30d698ca14b67.css?body=1" for 127.0.0.1 at 2015-03-28 11:36:14 -0400


Started POST "/users/create" for 127.0.0.1 at 2015-03-28 11:36:40 -0400
Processing by UsersController#create as HTML
  Parameters: {"utf8"=>"✓", "authenticity_token"=>"WLk7qDS0SeWwovKRAZXkjPt59CfU8exvkYVqMpRMjb3ttDOg6Rby1OVC8ulaq44TufuFaJ/OkEOWN0rYoi8NEw==", "user"=>{"username"=>"CHARLES MICHAELS", "email"=>"charles.d.michaels@gmail.com"}, "commit"=>"Spread the word!"}
  [1m[35mUser Load (0.4ms)[0m  SELECT  "users".* FROM "users" WHERE "users"."email" = ? LIMIT 1  [["email", "email"]]
  [1m[36mUser Load (0.1ms)[0m  [1mSELECT  "users".* FROM "users" WHERE "users"."referral_code" IS NULL LIMIT 1[0m
  [1m[35m (0.0ms)[0m  begin transaction
  [1m[36mUser Exists (0.2ms)[0m  [1mSELECT  1 AS one FROM "users" WHERE "users"."email" = 'charles.d.michaels@gmail.com' LIMIT 1[0m
  [1m[35mUser Exists (0.1ms)[0m  SELECT  1 AS one FROM "users" WHERE "users"."username" = 'CHARLES MICHAELS' LIMIT 1
  [1m[36mUser Exists (0.0ms)[0m  [1mSELECT  1 AS one FROM "users" WHERE "users"."referral_code" IS NULL LIMIT 1[0m
  [1m[35mUser Load (0.1ms)[0m  SELECT  "users".* FROM "users" WHERE "users"."referral_code" = ? LIMIT 1  [["referral_code", "28e3c712a0"]]
  [1m[36mSQL (0.7ms)[0m  [1mINSERT INTO "users" ("email", "username", "created_at", "updated_at", "referral_code") VALUES (?, ?, ?, ?, ?)[0m  [["email", "charles.d.michaels@gmail.com"], ["username", "CHARLES MICHAELS"], ["created_at", "2015-03-28 15:36:40.569666"], ["updated_at", "2015-03-28 15:36:40.569666"], ["referral_code", "28e3c712a0"]]
  [1m[35m (0.7ms)[0m  commit transaction
  Rendered user_mailer/signup_email.html.erb (0.4ms)
  Rendered user_mailer/signup_email.text.erb (0.3ms)

UserMailer#signup_email: processed outbound mail in 567.1ms

Sent mail to charles.d.michaels@gmail.com (1424.5ms)
Date: Sat, 28 Mar 2015 11:36:41 -0400
From: Referable <no-reply@referable.com>
To: charles.d.michaels@gmail.com
Message-ID: <5516ca8929e54_33363fe3565f967c951ed@WLRN-MACBOOK-PRO-012.comcastbiz.net.mail>
Subject: Thanks for signing up!
Mime-Version: 1.0
Content-Type: multipart/alternative;
 boundary="--==_mimepart_5516ca89251f3_33363fe3565f967c95087";
 charset=UTF-8
Content-Transfer-Encoding: 7bit


----==_mimepart_5516ca89251f3_33363fe3565f967c95087
Content-Type: text/plain;
 charset=UTF-8
Content-Transfer-Encoding: 7bit

Welcome to REFERABLE, charles.d.michaels@gmail.com
===============================================
 
Share this link: 

https://referable.herokuapp.com/?ref=28e3c712a0.
 
Thanks for joining and have a great day!
----==_mimepart_5516ca89251f3_33363fe3565f967c95087
Content-Type: text/html;
 charset=UTF-8
Content-Transfer-Encoding: 7bit

<!DOCTYPE html>
<html>
  <head>
    <meta content='text/html; charset=UTF-8' http-equiv='Content-Type' />
  </head>
  <body>
    <h1>Welcome to REFERABLE, charles.d.michaels@gmail.com</h1>
    
    <p>
      Share this link: https://referable.herokuapp.com/?ref=28e3c712a0.
    </p>
    <p>Thanks for joining and have a great day!</p>
  </body>
</html>
----==_mimepart_5516ca89251f3_33363fe3565f967c95087--

Redirected to http://localhost:3000/refer-a-friend
Completed 302 Found in 2023ms (ActiveRecord: 2.3ms)


Started GET "/refer-a-friend" for 127.0.0.1 at 2015-03-28 11:36:42 -0400
Processing by UsersController#refer as HTML
  [1m[36mUser Load (0.1ms)[0m  [1mSELECT  "users".* FROM "users" WHERE "users"."email" = ? LIMIT 1[0m  [["email", "charles.d.michaels@gmail.com"]]
  [1m[35m (0.1ms)[0m  SELECT COUNT(*) FROM "users" WHERE "users"."referrer_id" = ?  [["referrer_id", 2]]
  [1m[36mCACHE (0.0ms)[0m  [1mSELECT COUNT(*) FROM "users" WHERE "users"."referrer_id" = ?[0m  [["referrer_id", 2]]
  Rendered users/refer.html.erb within layouts/application (3.0ms)
Completed 200 OK in 59ms (Views: 58.3ms | ActiveRecord: 0.2ms)
  [1m[36m (1.1ms)[0m  [1mCREATE TABLE "schema_migrations" ("version" varchar NOT NULL) [0m
  [1m[35m (0.1ms)[0m  select sqlite_version(*)
  [1m[36m (0.6ms)[0m  [1mCREATE UNIQUE INDEX "unique_schema_migrations" ON "schema_migrations" ("version")[0m
  [1m[35mActiveRecord::SchemaMigration Load (0.1ms)[0m  SELECT "schema_migrations".* FROM "schema_migrations"
Migrating to CreateUsers (20150324173215)
  [1m[36m (0.1ms)[0m  [1mbegin transaction[0m
  [1m[35m (0.4ms)[0m  CREATE TABLE "users" ("id" INTEGER PRIMARY KEY AUTOINCREMENT NOT NULL, "email" varchar, "referral_code" varchar, "referrer_id" integer, "created_at" datetime NOT NULL, "updated_at" datetime NOT NULL) 
  [1m[36m (0.1ms)[0m  [1mCREATE  INDEX "index_users_on_referrer_id" ON "users" ("referrer_id")[0m
  [1m[35mSQL (0.2ms)[0m  INSERT INTO "schema_migrations" ("version") VALUES (?)  [["version", "20150324173215"]]
  [1m[36m (0.8ms)[0m  [1mcommit transaction[0m
Migrating to AddUsernameToUsers (20150328140331)
  [1m[35m (0.0ms)[0m  begin transaction
  [1m[36m (0.4ms)[0m  [1mALTER TABLE "users" ADD "username" varchar[0m
  [1m[35mSQL (0.1ms)[0m  INSERT INTO "schema_migrations" ("version") VALUES (?)  [["version", "20150328140331"]]
  [1m[36m (0.7ms)[0m  [1mcommit transaction[0m
  [1m[35mActiveRecord::SchemaMigration Load (0.1ms)[0m  SELECT "schema_migrations".* FROM "schema_migrations"
  [1m[36m (0.1ms)[0m  [1m            SELECT sql
            FROM sqlite_master
            WHERE name='index_users_on_referrer_id' AND type='index'
            UNION ALL
            SELECT sql
            FROM sqlite_temp_master
            WHERE name='index_users_on_referrer_id' AND type='index'
[0m
  [1m[36mUser Load (2.5ms)[0m  [1mSELECT "users".* FROM "users"[0m
